<?xml version="1.0" encoding="UTF-8"?>
<testsuite name="org.example.CalculadoraTest" tests="4" skipped="0" failures="0" errors="0" timestamp="2025-05-13T14:26:37" hostname="PB0B0930503" time="0.04">
  <properties/>
  <testcase name="testSumar()" classname="org.example.CalculadoraTest" time="0.027"/>
  <testcase name="testMultiplicar()" classname="org.example.CalculadoraTest" time="0.001"/>
  <testcase name="testDividir()" classname="org.example.CalculadoraTest" time="0.006"/>
  <testcase name="testRestar()" classname="org.example.CalculadoraTest" time="0.002"/>
  <system-out><![CDATA[]]></system-out>
  <system-err><![CDATA[]]></system-err>
</testsuite>
